<?xml version="1.0" encoding="UTF-8"?>
<!-- Generated by org.testng.reporters.JUnitReportReporter -->
<testsuite hostname="DESKTOP-AB6BR8M" failures="0" tests="1" name="com.ShoppersStack_TestScripts.Verify_user_is_able_to_Add_Address" time="16.759" errors="0" timestamp="2024-07-27T09:45:32 IST" skipped="0">
  <testcase classname="com.ShoppersStack_TestScripts.Verify_user_is_able_to_Add_Address" name="addAddress" time="16.759"/>
</testsuite> <!-- com.ShoppersStack_TestScripts.Verify_user_is_able_to_Add_Address -->
