<?xml version="1.0" encoding="UTF-8"?>
<!-- Generated by org.testng.reporters.JUnitReportReporter -->
<testsuite hostname="DESKTOP-AB6BR8M" failures="0" tests="1" name="com.ShoppersStack_TestScripts.Verify_User_is_able_to_delete_address_or_not" time="18.135" errors="0" timestamp="2024-07-28T08:39:36 IST" skipped="0">
  <testcase classname="com.ShoppersStack_TestScripts.Verify_User_is_able_to_delete_address_or_not" name="deleteAddress" time="18.135"/>
</testsuite> <!-- com.ShoppersStack_TestScripts.Verify_User_is_able_to_delete_address_or_not -->
